<?xml version="1.0" encoding="UTF-8" ?>
<testsuite tests="1" failures="0" name="cucumber.Options.TestRunnner" time="0.21" errors="1" skipped="0">
  <properties>
    <property name="java.runtime.name" value="OpenJDK Runtime Environment"/>
    <property name="java.vm.version" value="16.0.2+7-67"/>
    <property name="sun.boot.library.path" value="C:\Users\chakradharguptha\.p2\pool\plugins\org.eclipse.justj.openjdk.hotspot.jre.full.win32.x86_64_16.0.2.v20210721-1149\jre\bin"/>
    <property name="maven.multiModuleProjectDirectory" value="C:\Users\chakradharguptha\eclipse-workspace\frame"/>
    <property name="java.vm.vendor" value="Oracle Corporation"/>
    <property name="java.vendor.url" value="https://java.oracle.com/"/>
    <property name="guice.disable.misplaced.annotation.check" value="true"/>
    <property name="path.separator" value=";"/>
    <property name="java.vm.name" value="OpenJDK 64-Bit Server VM"/>
    <property name="sun.os.patch.level" value=""/>
    <property name="user.script" value=""/>
    <property name="user.country" value="US"/>
    <property name="sun.java.launcher" value="SUN_STANDARD"/>
    <property name="java.vm.specification.name" value="Java Virtual Machine Specification"/>
    <property name="user.dir" value="C:\Users\chakradharguptha\eclipse-workspace\frame"/>
    <property name="java.vm.compressedOopsMode" value="Zero based"/>
    <property name="java.runtime.version" value="16.0.2+7-67"/>
    <property name="os.arch" value="amd64"/>
    <property name="java.io.tmpdir" value="C:\Users\CHAKRA~1\AppData\Local\Temp\"/>
    <property name="line.separator" value="
"/>
    <property name="java.vm.specification.vendor" value="Oracle Corporation"/>
    <property name="user.variant" value=""/>
    <property name="os.name" value="Windows 10"/>
    <property name="classworlds.conf" value="C:\Users\chakradharguptha\eclipse-workspace\.metadata\.plugins\org.eclipse.m2e.launching\launches\m2conf9155976554341894653.tmp"/>
    <property name="sun.jnu.encoding" value="Cp1252"/>
    <property name="java.library.path" value="C:\Users\chakradharguptha\.p2\pool\plugins\org.eclipse.justj.openjdk.hotspot.jre.full.win32.x86_64_16.0.2.v20210721-1149\jre\bin;C:\windows\Sun\Java\bin;C:\windows\system32;C:\windows;C:/Program Files/java/jdk-11.0.11.9-openj9/bin/j9vm;C:/Program Files/java/jdk-11.0.11.9-openj9/bin;C:\Program Files\AdoptOpenJDK\jdk-11.0.11.9-openj9\bin;C:\windows\system32;C:\windows;C:\windows\System32\Wbem;C:\windows\System32\WindowsPowerShell\v1.0\;C:\windows\System32\OpenSSH\;C:\Program Files\Git\cmd;C:\Program Files\java\jdk-11.0.11.9-openj9\bin;C:\Program Files\Maven\apache-maven-3.8.2\bin;C:\Users\chakradharguptha\AppData\Local\Microsoft\WindowsApps;;C:\Users\chakradharguptha\Desktop;;."/>
    <property name="jdk.debug" value="release"/>
    <property name="java.class.version" value="60.0"/>
    <property name="java.specification.name" value="Java Platform API Specification"/>
    <property name="sun.management.compiler" value="HotSpot 64-Bit Tiered Compilers"/>
    <property name="os.version" value="10.0"/>
    <property name="user.home" value="C:\Users\chakradharguptha"/>
    <property name="user.timezone" value="Asia/Calcutta"/>
    <property name="file.encoding" value="Cp1252"/>
    <property name="java.specification.version" value="16"/>
    <property name="user.name" value="chakradharguptha"/>
    <property name="java.class.path" value="C:\Users\chakradharguptha\.p2\pool\plugins\org.eclipse.m2e.maven.runtime_1.18.1.20211011-2139\jars\plexus-classworlds-2.6.0.jar"/>
    <property name="java.vm.specification.version" value="16"/>
    <property name="sun.arch.data.model" value="64"/>
    <property name="sun.java.command" value="org.codehaus.plexus.classworlds.launcher.Launcher -B clean verify"/>
    <property name="java.home" value="C:\Users\chakradharguptha\.p2\pool\plugins\org.eclipse.justj.openjdk.hotspot.jre.full.win32.x86_64_16.0.2.v20210721-1149\jre"/>
    <property name="user.language" value="en"/>
    <property name="java.specification.vendor" value="Oracle Corporation"/>
    <property name="java.vm.info" value="mixed mode"/>
    <property name="java.version" value="16.0.2"/>
    <property name="java.vendor" value="Oracle Corporation"/>
    <property name="maven.home" value="C:\Users\chakradharguptha\eclipse-workspace\frame\EMBEDDED"/>
    <property name="file.separator" value="\"/>
    <property name="java.version.date" value="2021-07-20"/>
    <property name="java.vendor.url.bug" value="https://bugreport.java.com/bugreport/"/>
    <property name="sun.io.unicode.encoding" value="UnicodeLittle"/>
    <property name="sun.cpu.endian" value="little"/>
    <property name="sun.cpu.isalist" value="amd64"/>
  </properties>
  <testcase classname="Validating Place API&apos;s" name="Verify if Place is being Succesfully added using AddPlaceAPI" time="0.21">
    <error message="Could not initialize class org.codehaus.groovy.reflection.ReflectionCache" type="java.lang.NoClassDefFoundError">java.lang.NoClassDefFoundError: Could not initialize class org.codehaus.groovy.reflection.ReflectionCache
	at org.codehaus.groovy.runtime.dgmimpl.NumberNumberMetaMethod.&lt;clinit&gt;(NumberNumberMetaMethod.java:33)
	at java.base/jdk.internal.reflect.NativeConstructorAccessorImpl.newInstance0(Native Method)
	at java.base/jdk.internal.reflect.NativeConstructorAccessorImpl.newInstance(NativeConstructorAccessorImpl.java:78)
	at java.base/jdk.internal.reflect.DelegatingConstructorAccessorImpl.newInstance(DelegatingConstructorAccessorImpl.java:45)
	at java.base/java.lang.reflect.Constructor.newInstanceWithCaller(Constructor.java:499)
	at java.base/java.lang.reflect.Constructor.newInstance(Constructor.java:480)
	at org.codehaus.groovy.runtime.metaclass.MetaClassRegistryImpl.createMetaMethodFromClass(MetaClassRegistryImpl.java:258)
	at org.codehaus.groovy.runtime.metaclass.MetaClassRegistryImpl.&lt;init&gt;(MetaClassRegistryImpl.java:111)
	at org.codehaus.groovy.runtime.metaclass.MetaClassRegistryImpl.&lt;init&gt;(MetaClassRegistryImpl.java:86)
	at groovy.lang.GroovySystem.&lt;clinit&gt;(GroovySystem.java:36)
	at org.codehaus.groovy.runtime.InvokerHelper.&lt;clinit&gt;(InvokerHelper.java:86)
	at org.codehaus.groovy.runtime.ScriptBytecodeAdapter.createMap(ScriptBytecodeAdapter.java:635)
	at io.restassured.internal.ResponseParserRegistrar.&lt;init&gt;(ResponseParserRegistrar.groovy)
	at io.restassured.RestAssured.&lt;clinit&gt;(RestAssured.java:346)
	at stepDefination.StepDefination.add_Place_Payload_with(StepDefination.java:38)
	at âœ½.Add Place Payload with &quot;AAhouse&quot; &quot;english&quot; &quot;&lt;address&quot;&gt;(file:src/test/java/features/place.feature:5)
</error>
    <system-err>java.lang.NoClassDefFoundError: Could not initialize class org.codehaus.groovy.vmplugin.v7.Java7
	at org.codehaus.groovy.vmplugin.VMPluginFactory.&lt;clinit&gt;(VMPluginFactory.java:43)
	at org.codehaus.groovy.reflection.GroovyClassValueFactory.&lt;clinit&gt;(GroovyClassValueFactory.java:35)
	at org.codehaus.groovy.reflection.ClassInfo.&lt;clinit&gt;(ClassInfo.java:107)
	at org.codehaus.groovy.reflection.ReflectionCache.getCachedClass(ReflectionCache.java:95)
	at org.codehaus.groovy.reflection.ReflectionCache.&lt;clinit&gt;(ReflectionCache.java:39)
	at org.codehaus.groovy.runtime.metaclass.MetaClassRegistryImpl.registerMethods(MetaClassRegistryImpl.java:210)
	at org.codehaus.groovy.runtime.metaclass.MetaClassRegistryImpl.&lt;init&gt;(MetaClassRegistryImpl.java:108)
	at org.codehaus.groovy.runtime.metaclass.MetaClassRegistryImpl.&lt;init&gt;(MetaClassRegistryImpl.java:86)
	at groovy.lang.GroovySystem.&lt;clinit&gt;(GroovySystem.java:36)
	at org.codehaus.groovy.runtime.InvokerHelper.&lt;clinit&gt;(InvokerHelper.java:86)
	at org.codehaus.groovy.runtime.ScriptBytecodeAdapter.createMap(ScriptBytecodeAdapter.java:635)
	at io.restassured.internal.ResponseParserRegistrar.&lt;init&gt;(ResponseParserRegistrar.groovy)
	at io.restassured.RestAssured.&lt;clinit&gt;(RestAssured.java:346)
	at stepDefination.StepDefination.add_Place_Payload_with(StepDefination.java:38)
	at java.base/jdk.internal.reflect.NativeMethodAccessorImpl.invoke0(Native Method)
	at java.base/jdk.internal.reflect.NativeMethodAccessorImpl.invoke(NativeMethodAccessorImpl.java:78)
	at java.base/jdk.internal.reflect.DelegatingMethodAccessorImpl.invoke(DelegatingMethodAccessorImpl.java:43)
	at java.base/java.lang.reflect.Method.invoke(Method.java:567)
	at cucumber.runtime.Utils$1.call(Utils.java:26)
	at cucumber.runtime.Timeout.timeout(Timeout.java:16)
	at cucumber.runtime.Utils.invoke(Utils.java:20)
	at cucumber.runtime.java.JavaStepDefinition.execute(JavaStepDefinition.java:57)
	at cucumber.runner.PickleStepDefinitionMatch.runStep(PickleStepDefinitionMatch.java:50)
	at cucumber.runner.TestStep.executeStep(TestStep.java:65)
	at cucumber.runner.TestStep.run(TestStep.java:50)
	at cucumber.runner.PickleStepTestStep.run(PickleStepTestStep.java:43)
	at cucumber.runner.TestCase.run(TestCase.java:46)
	at cucumber.runner.Runner.runPickle(Runner.java:50)
	at io.cucumber.junit.PickleRunners$NoStepDescriptions.run(PickleRunners.java:146)
	at io.cucumber.junit.FeatureRunner.runChild(FeatureRunner.java:68)
	at io.cucumber.junit.FeatureRunner.runChild(FeatureRunner.java:23)
	at org.junit.runners.ParentRunner$4.run(ParentRunner.java:331)
	at org.junit.runners.ParentRunner$1.schedule(ParentRunner.java:79)
	at org.junit.runners.ParentRunner.runChildren(ParentRunner.java:329)
	at org.junit.runners.ParentRunner.access$100(ParentRunner.java:66)
	at org.junit.runners.ParentRunner$2.evaluate(ParentRunner.java:293)
	at org.junit.runners.ParentRunner$3.evaluate(ParentRunner.java:306)
	at org.junit.runners.ParentRunner.run(ParentRunner.java:413)
	at io.cucumber.junit.Cucumber.runChild(Cucumber.java:144)
	at io.cucumber.junit.Cucumber.runChild(Cucumber.java:65)
	at org.junit.runners.ParentRunner$4.run(ParentRunner.java:331)
	at org.junit.runners.ParentRunner$1.schedule(ParentRunner.java:79)
	at org.junit.runners.ParentRunner.runChildren(ParentRunner.java:329)
	at org.junit.runners.ParentRunner.access$100(ParentRunner.java:66)
	at org.junit.runners.ParentRunner$2.evaluate(ParentRunner.java:293)
	at io.cucumber.junit.Cucumber$RunCucumber.evaluate(Cucumber.java:174)
	at org.junit.runners.ParentRunner$3.evaluate(ParentRunner.java:306)
	at org.junit.runners.ParentRunner.run(ParentRunner.java:413)
	at org.apache.maven.surefire.junit4.JUnit4Provider.execute(JUnit4Provider.java:252)
	at org.apache.maven.surefire.junit4.JUnit4Provider.executeTestSet(JUnit4Provider.java:141)
	at org.apache.maven.surefire.junit4.JUnit4Provider.invoke(JUnit4Provider.java:112)
	at java.base/jdk.internal.reflect.NativeMethodAccessorImpl.invoke0(Native Method)
	at java.base/jdk.internal.reflect.NativeMethodAccessorImpl.invoke(NativeMethodAccessorImpl.java:78)
	at java.base/jdk.internal.reflect.DelegatingMethodAccessorImpl.invoke(DelegatingMethodAccessorImpl.java:43)
	at java.base/java.lang.reflect.Method.invoke(Method.java:567)
	at org.apache.maven.surefire.util.ReflectionUtils.invokeMethodWithArray(ReflectionUtils.java:189)
	at org.apache.maven.surefire.booter.ProviderFactory$ProviderProxy.invoke(ProviderFactory.java:165)
	at org.apache.maven.surefire.booter.ProviderFactory.invokeProvider(ProviderFactory.java:85)
	at org.apache.maven.surefire.booter.ForkedBooter.runSuitesInProcess(ForkedBooter.java:115)
	at org.apache.maven.surefire.booter.ForkedBooter.main(ForkedBooter.java:75)
</system-err>
  </testcase>
</testsuite>